2021-05-31T11:06:39.632+0800	[34mINFO[0m	main	lotus/daemon.go:214	lotus repo: /Users/muser/.lotus
2021-05-31T11:06:39.636+0800	[34mINFO[0m	build	go-paramfetch@v0.0.2-0.20200701152213-3e0f0afdc261/paramfetch.go:138	Parameter file /var/tmp/filecoin-proof-parameters/v28-proof-of-spacetime-fallback-merkletree-poseidon_hasher-8-0-0-5294475db5237a2e83c3e52fd6c2b03859a1831d45ed08c4f35dbf9a803165a9.vk is ok
2021-05-31T11:06:39.636+0800	[34mINFO[0m	build	go-paramfetch@v0.0.2-0.20200701152213-3e0f0afdc261/paramfetch.go:138	Parameter file /var/tmp/filecoin-proof-parameters/v28-stacked-proof-of-replication-merkletree-poseidon_hasher-8-8-0-sha256_hasher-82a357d2f2ca81dc61bb45f4a762807aedee1b0a53fd6c4e77b46a01bfef7820.vk is ok
2021-05-31T11:06:39.636+0800	[34mINFO[0m	build	go-paramfetch@v0.0.2-0.20200701152213-3e0f0afdc261/paramfetch.go:138	Parameter file /var/tmp/filecoin-proof-parameters/v28-stacked-proof-of-replication-merkletree-poseidon_hasher-8-8-2-sha256_hasher-96f1b4a04c5c51e4759bbf224bbc2ef5a42c7100f16ec0637123f16a845ddfb2.vk is ok
2021-05-31T11:06:39.636+0800	[34mINFO[0m	build	go-paramfetch@v0.0.2-0.20200701152213-3e0f0afdc261/paramfetch.go:138	Parameter file /var/tmp/filecoin-proof-parameters/v28-stacked-proof-of-replication-merkletree-poseidon_hasher-8-0-0-sha256_hasher-6babf46ce344ae495d558e7770a585b2382d54f225af8ed0397b8be7c3fcd472.vk is ok
2021-05-31T11:06:39.636+0800	[34mINFO[0m	build	go-paramfetch@v0.0.2-0.20200701152213-3e0f0afdc261/paramfetch.go:138	Parameter file /var/tmp/filecoin-proof-parameters/v28-proof-of-spacetime-fallback-merkletree-poseidon_hasher-8-8-0-559e581f022bb4e4ec6e719e563bf0e026ad6de42e56c18714a2c692b1b88d7e.vk is ok
2021-05-31T11:06:39.636+0800	[34mINFO[0m	build	go-paramfetch@v0.0.2-0.20200701152213-3e0f0afdc261/paramfetch.go:138	Parameter file /var/tmp/filecoin-proof-parameters/v28-proof-of-spacetime-fallback-merkletree-poseidon_hasher-8-0-0-3ea05428c9d11689f23529cde32fd30aabd50f7d2c93657c1d3650bca3e8ea9e.vk is ok
2021-05-31T11:06:39.636+0800	[34mINFO[0m	build	go-paramfetch@v0.0.2-0.20200701152213-3e0f0afdc261/paramfetch.go:138	Parameter file /var/tmp/filecoin-proof-parameters/v28-stacked-proof-of-replication-merkletree-poseidon_hasher-8-0-0-sha256_hasher-ecd683648512ab1765faa2a5f14bab48f676e633467f0aa8aad4b55dcb0652bb.vk is ok
2021-05-31T11:06:39.635+0800	[34mINFO[0m	build	go-paramfetch@v0.0.2-0.20200701152213-3e0f0afdc261/paramfetch.go:138	Parameter file /var/tmp/filecoin-proof-parameters/v28-proof-of-spacetime-fallback-merkletree-poseidon_hasher-8-0-0-0170db1f394b35d995252228ee359194b13199d259380541dc529fb0099096b0.vk is ok
2021-05-31T11:06:39.635+0800	[34mINFO[0m	build	go-paramfetch@v0.0.2-0.20200701152213-3e0f0afdc261/paramfetch.go:138	Parameter file /var/tmp/filecoin-proof-parameters/v28-proof-of-spacetime-fallback-merkletree-poseidon_hasher-8-0-0-0cfb4f178bbb71cf2ecfcd42accce558b27199ab4fb59cb78f2483fe21ef36d9.vk is ok
2021-05-31T11:06:39.637+0800	[34mINFO[0m	build	go-paramfetch@v0.0.2-0.20200701152213-3e0f0afdc261/paramfetch.go:138	Parameter file /var/tmp/filecoin-proof-parameters/v28-proof-of-spacetime-fallback-merkletree-poseidon_hasher-8-8-2-b62098629d07946e9028127e70295ed996fe3ed25b0f9f88eb610a0ab4385a3c.vk is ok
2021-05-31T11:06:39.637+0800	[34mINFO[0m	build	go-paramfetch@v0.0.2-0.20200701152213-3e0f0afdc261/paramfetch.go:138	Parameter file /var/tmp/filecoin-proof-parameters/v28-proof-of-spacetime-fallback-merkletree-poseidon_hasher-8-0-0-50c7368dea9593ed0989e70974d28024efa9d156d585b7eea1be22b2e753f331.vk is ok
2021-05-31T11:06:39.637+0800	[34mINFO[0m	build	go-paramfetch@v0.0.2-0.20200701152213-3e0f0afdc261/paramfetch.go:138	Parameter file /var/tmp/filecoin-proof-parameters/v28-proof-of-spacetime-fallback-merkletree-poseidon_hasher-8-0-0-7d739b8cf60f1b0709eeebee7730e297683552e4b69cab6984ec0285663c5781.vk is ok
2021-05-31T11:06:39.637+0800	[34mINFO[0m	build	go-paramfetch@v0.0.2-0.20200701152213-3e0f0afdc261/paramfetch.go:138	Parameter file /var/tmp/filecoin-proof-parameters/v28-stacked-proof-of-replication-merkletree-poseidon_hasher-8-0-0-sha256_hasher-032d3138d22506ec0082ed72b2dcba18df18477904e35bafee82b3793b06832f.vk is ok
2021-05-31T11:06:39.640+0800	[34mINFO[0m	build	go-paramfetch@v0.0.2-0.20200701152213-3e0f0afdc261/paramfetch.go:138	Parameter file /var/tmp/filecoin-proof-parameters/v28-proof-of-spacetime-fallback-merkletree-poseidon_hasher-8-8-2-2627e4006b67f99cef990c0a47d5426cb7ab0a0ad58fc1061547bf2d28b09def.vk is ok
2021-05-31T11:06:39.641+0800	[34mINFO[0m	build	go-paramfetch@v0.0.2-0.20200701152213-3e0f0afdc261/paramfetch.go:138	Parameter file /var/tmp/filecoin-proof-parameters/v28-proof-of-spacetime-fallback-merkletree-poseidon_hasher-8-8-0-0377ded656c6f524f1618760bffe4e0a1c51d5a70c4509eedae8a27555733edc.vk is ok
2021-05-31T11:06:39.641+0800	[34mINFO[0m	build	go-paramfetch@v0.0.2-0.20200701152213-3e0f0afdc261/paramfetch.go:162	parameter and key-fetching complete
2021-05-31T11:06:39.649+0800	[34mINFO[0m	modules	modules/core.go:64	memory limits initialized	{"max_mem_heap": 0, "total_system_mem": 17179869184, "effective_mem_limit": 17179869184}
2021-05-31T11:06:39.649+0800	[33mWARN[0m	modules	modules/core.go:124	failed to initialize cgroup-driven watchdog; err: cgroups-driven watchdog: watchdog run mode not supported
2021-05-31T11:06:39.649+0800	[33mWARN[0m	modules	modules/core.go:125	trying a system-driven watchdog
2021-05-31T11:06:39.649+0800	[34mINFO[0m	watchdog	go-watchdog@v1.0.1/watermarks.go:16	initialized watermark watchdog policy; watermarks: []; thresholds: [8589934592 10307921510 12025908428 14602888806 15461882265 15891378995 16320875724]
2021-05-31T11:06:39.650+0800	[34mINFO[0m	watchdog	go-watchdog@v1.0.1/watchdog.go:457	initialized heap profile capture; threshold: 0.900000; max captures: 10; dir: /Users/muser/.lotus/heapprof
2021-05-31T11:06:39.650+0800	[34mINFO[0m	modules	modules/core.go:130	initialized system-driven watchdog
2021-05-31T11:06:39.762+0800	[34mINFO[0m	badger	v2@v2.2007.2/levels.go:183	All 0 tables opened in 0s

2021-05-31T11:06:39.813+0800	[34mINFO[0m	badger	v2@v2.2007.2/value.go:1158	Replaying file id: 0 at offset: 0

2021-05-31T11:06:39.813+0800	[34mINFO[0m	badger	v2@v2.2007.2/value.go:1178	Replay took: 21.664µs

2021-05-31T11:06:39.817+0800	[34mINFO[0m	badger	v2@v2.2007.2/levels.go:183	All 0 tables opened in 0s

2021-05-31T11:06:39.861+0800	[34mINFO[0m	badger	v2@v2.2007.2/value.go:1158	Replaying file id: 0 at offset: 0

2021-05-31T11:06:39.861+0800	[34mINFO[0m	badger	v2@v2.2007.2/value.go:1178	Replay took: 8.86µs

2021-05-31T11:06:39.862+0800	[34mINFO[0m	backupds	backupds/log.go:123	opening log	{"file": "/Users/muser/.lotus/kvlog/metadata/1622334735.log.cbor"}
2021-05-31T11:06:39.863+0800	[34mINFO[0m	backupds	backupds/log.go:174	log opened	{"file": "/Users/muser/.lotus/kvlog/metadata/1622334735.log.cbor", "openCount": 4, "logValues": 14}
2021-05-31T11:06:39.888+0800	[34mINFO[0m	backupds	backupds/log.go:199	new log head	{"loghead": "1622334735.log.cbor;b3f30815-72b2-48a5-ac48-188195178c0f;1622430399"}
2021-05-31T11:06:39.907+0800	[34mINFO[0m	badgerbs	v2@v2.2007.2/levels.go:183	All 1 tables opened in 2ms

2021-05-31T11:06:39.931+0800	[34mINFO[0m	badgerbs	v2@v2.2007.2/value.go:1158	Replaying file id: 0 at offset: 31200

2021-05-31T11:06:39.931+0800	[34mINFO[0m	badgerbs	v2@v2.2007.2/value.go:1178	Replay took: 5.584µs

ERROR: initializing node: starting node: could not build arguments for function "github.com/filecoin-project/lotus/node/modules/lp2p".StartListening.func1 (/Users/muser/filecoin/lotus/node/modules/lp2p/addrs.go:98): failed to build host.Host: could not build arguments for function "reflect".makeFuncStub (/usr/local/Cellar/go/1.15.5/libexec/src/reflect/asm_amd64.s:12): failed to build lp2p.BaseIpfsRouting: could not build arguments for function "reflect".makeFuncStub (/usr/local/Cellar/go/1.15.5/libexec/src/reflect/asm_amd64.s:12): failed to build dtypes.NetworkName: could not build arguments for function "reflect".makeFuncStub (/usr/local/Cellar/go/1.15.5/libexec/src/reflect/asm_amd64.s:12): failed to build dtypes.AfterGenesisSet: received non-nil error from function "reflect".makeFuncStub (/usr/local/Cellar/go/1.15.5/libexec/src/reflect/asm_amd64.s:12): genesis in the repo is not the one expected by this version of Lotus!

